<?xml version="1.0" encoding="UTF-8"?>
<!-- Generated by org.testng.reporters.JUnitReportReporter -->
<testsuite hostname="Jyotis-MacBook-Pro.local" failures="1" tests="1" name="Testrunner.FailedScenario_Runner" time="16.731" errors="0" timestamp="2024-04-13T15:39:34 IST" skipped="0">
  <testcase classname="Testrunner.FailedScenario_Runner" name="runScenario" time="16.731">
    <failure message="expected [No data] but found [Beetroot]" type="java.lang.AssertionError">
      <![CDATA[java.lang.AssertionError: expected [No data] but found [Beetroot]
at org.testng.Assert.fail(Assert.java:111)
at org.testng.Assert.failNotEquals(Assert.java:1578)
at org.testng.Assert.assertEqualsImpl(Assert.java:150)
at org.testng.Assert.assertEquals(Assert.java:132)
at org.testng.Assert.assertEquals(Assert.java:656)
at org.testng.Assert.assertEquals(Assert.java:666)
at StepDefination.OfferPageStepDefinations.validate_product_name_in_offers_page_matching_with_lading_page(OfferPageStepDefinations.java:53)
at ✽.validate product name in offers page matching with lading page(file:///Users/jyotisalunkhe/eclipse-workspace/Selenium/src/test/java/features/SearchProduct.feature:15)
]]>
    </failure>
  </testcase> <!-- runScenario -->
</testsuite> <!-- Testrunner.FailedScenario_Runner -->
